# JRE version: Java(TM) SE Runtime Environment (8.0_291-b10) (build 1.8.0_291-b10)
# Java VM: Java HotSpot(TM) 64-Bit Server VM (25.291-b10 mixed mode windows-amd64 compressed oops)
Heap:
 PSYoungGen      total 105472K, used 11754K [0x000000076af00000, 0x0000000772200000, 0x00000007c0000000)
  eden space 94720K, 12% used [0x000000076af00000,0x000000076ba7ab78,0x0000000770b80000)
  from space 10752K, 0% used [0x0000000771600000,0x0000000771600000,0x0000000772080000)
  to   space 10752K, 0% used [0x0000000770b80000,0x0000000770b80000,0x0000000771600000)
 ParOldGen       total 204288K, used 33852K [0x00000006c0c00000, 0x00000006cd380000, 0x000000076af00000)
  object space 204288K, 16% used [0x00000006c0c00000,0x00000006c2d0f330,0x00000006cd380000)
 Metaspace       used 37120K, capacity 37736K, committed 38104K, reserved 1085440K
  class space    used 4742K, capacity 4917K, committed 4992K, reserved 1048576K
GC Heap History (10 events):
Event: 1.376 GC heap before
{Heap before GC invocations=2 (full 0):
 PSYoungGen      total 76288K, used 43105K [0x000000076af00000, 0x0000000770400000, 0x00000007c0000000)
  eden space 65536K, 49% used [0x000000076af00000,0x000000076ce9d440,0x000000076ef00000)
  from space 10752K, 99% used [0x000000076ef00000,0x000000076f97b308,0x000000076f980000)
  to   space 10752K, 0% used [0x000000076f980000,0x000000076f980000,0x0000000770400000)
 ParOldGen       total 175104K, used 5084K [0x00000006c0c00000, 0x00000006cb700000, 0x000000076af00000)
  object space 175104K, 2% used [0x00000006c0c00000,0x00000006c10f71c0,0x00000006cb700000)
 Metaspace       used 20761K, capacity 21108K, committed 21248K, reserved 1069056K
  class space    used 2429K, capacity 2546K, committed 2560K, reserved 1048576K
Event: 1.386 GC heap after
Heap after GC invocations=2 (full 0):
 PSYoungGen      total 76288K, used 10748K [0x000000076af00000, 0x0000000774400000, 0x00000007c0000000)
  eden space 65536K, 0% used [0x000000076af00000,0x000000076af00000,0x000000076ef00000)
  from space 10752K, 99% used [0x000000076f980000,0x00000007703ff340,0x0000000770400000)
  to   space 10752K, 0% used [0x000000076ef00000,0x000000076ef00000,0x000000076f980000)
 ParOldGen       total 175104K, used 16572K [0x00000006c0c00000, 0x00000006cb700000, 0x000000076af00000)
  object space 175104K, 9% used [0x00000006c0c00000,0x00000006c1c2f308,0x00000006cb700000)
 Metaspace       used 20761K, capacity 21108K, committed 21248K, reserved 1069056K
  class space    used 2429K, capacity 2546K, committed 2560K, reserved 1048576K
}
Event: 1.386 GC heap before
{Heap before GC invocations=3 (full 1):
 PSYoungGen      total 76288K, used 10748K [0x000000076af00000, 0x0000000774400000, 0x00000007c0000000)
  eden space 65536K, 0% used [0x000000076af00000,0x000000076af00000,0x000000076ef00000)
  from space 10752K, 99% used [0x000000076f980000,0x00000007703ff340,0x0000000770400000)
  to   space 10752K, 0% used [0x000000076ef00000,0x000000076ef00000,0x000000076f980000)
 ParOldGen       total 175104K, used 16572K [0x00000006c0c00000, 0x00000006cb700000, 0x000000076af00000)
  object space 175104K, 9% used [0x00000006c0c00000,0x00000006c1c2f308,0x00000006cb700000)
 Metaspace       used 20761K, capacity 21108K, committed 21248K, reserved 1069056K
  class space    used 2429K, capacity 2546K, committed 2560K, reserved 1048576K
Event: 1.418 GC heap after
Heap after GC invocations=3 (full 1):
 PSYoungGen      total 76288K, used 0K [0x000000076af00000, 0x0000000774400000, 0x00000007c0000000)
  eden space 65536K, 0% used [0x000000076af00000,0x000000076af00000,0x000000076ef00000)
  from space 10752K, 0% used [0x000000076f980000,0x000000076f980000,0x0000000770400000)
  to   space 10752K, 0% used [0x000000076ef00000,0x000000076ef00000,0x000000076f980000)
 ParOldGen       total 134656K, used 22043K [0x00000006c0c00000, 0x00000006c8f80000, 0x000000076af00000)
  object space 134656K, 16% used [0x00000006c0c00000,0x00000006c2186f50,0x00000006c8f80000)
 Metaspace       used 20761K, capacity 21108K, committed 21248K, reserved 1069056K
  class space    used 2429K, capacity 2546K, committed 2560K, reserved 1048576K
}
Event: 2.128 GC heap before
{Heap before GC invocations=4 (full 1):
 PSYoungGen      total 76288K, used 65536K [0x000000076af00000, 0x0000000774400000, 0x00000007c0000000)
  eden space 65536K, 100% used [0x000000076af00000,0x000000076ef00000,0x000000076ef00000)
  from space 10752K, 0% used [0x000000076f980000,0x000000076f980000,0x0000000770400000)
  to   space 10752K, 0% used [0x000000076ef00000,0x000000076ef00000,0x000000076f980000)
 ParOldGen       total 134656K, used 22043K [0x00000006c0c00000, 0x00000006c8f80000, 0x000000076af00000)
  object space 134656K, 16% used [0x00000006c0c00000,0x00000006c2186f50,0x00000006c8f80000)
 Metaspace       used 29380K, capacity 29880K, committed 30080K, reserved 1075200K
  class space    used 3763K, capacity 3920K, committed 3968K, reserved 1048576K
Event: 2.136 GC heap after
Heap after GC invocations=4 (full 1):
 PSYoungGen      total 76288K, used 10743K [0x000000076af00000, 0x0000000772080000, 0x00000007c0000000)
  eden space 65536K, 0% used [0x000000076af00000,0x000000076af00000,0x000000076ef00000)
  from space 10752K, 99% used [0x000000076ef00000,0x000000076f97de90,0x000000076f980000)
  to   space 10752K, 0% used [0x0000000771600000,0x0000000771600000,0x0000000772080000)
 ParOldGen       total 134656K, used 26540K [0x00000006c0c00000, 0x00000006c8f80000, 0x000000076af00000)
  object space 134656K, 19% used [0x00000006c0c00000,0x00000006c25eb158,0x00000006c8f80000)
 Metaspace       used 29380K, capacity 29880K, committed 30080K, reserved 1075200K
  class space    used 3763K, capacity 3920K, committed 3968K, reserved 1048576K
}
Event: 2.447 GC heap before
{Heap before GC invocations=5 (full 1):
 PSYoungGen      total 76288K, used 43475K [0x000000076af00000, 0x0000000772080000, 0x00000007c0000000)
  eden space 65536K, 49% used [0x000000076af00000,0x000000076cef6f68,0x000000076ef00000)
  from space 10752K, 99% used [0x000000076ef00000,0x000000076f97de90,0x000000076f980000)
  to   space 10752K, 0% used [0x0000000771600000,0x0000000771600000,0x0000000772080000)
 ParOldGen       total 134656K, used 26540K [0x00000006c0c00000, 0x00000006c8f80000, 0x000000076af00000)
  object space 134656K, 19% used [0x00000006c0c00000,0x00000006c25eb158,0x00000006c8f80000)
 Metaspace       used 34744K, capacity 35188K, committed 35416K, reserved 1081344K
  class space    used 4458K, capacity 4597K, committed 4608K, reserved 1048576K
Event: 2.455 GC heap after
Heap after GC invocations=5 (full 1):
 PSYoungGen      total 105472K, used 10744K [0x000000076af00000, 0x0000000772200000, 0x00000007c0000000)
  eden space 94720K, 0% used [0x000000076af00000,0x000000076af00000,0x0000000770b80000)
  from space 10752K, 99% used [0x0000000771600000,0x000000077207e358,0x0000000772080000)
  to   space 10752K, 0% used [0x0000000770b80000,0x0000000770b80000,0x0000000771600000)
 ParOldGen       total 134656K, used 30731K [0x00000006c0c00000, 0x00000006c8f80000, 0x000000076af00000)
  object space 134656K, 22% used [0x00000006c0c00000,0x00000006c2a02e70,0x00000006c8f80000)
 Metaspace       used 34744K, capacity 35188K, committed 35416K, reserved 1081344K
  class space    used 4458K, capacity 4597K, committed 4608K, reserved 1048576K
}
Event: 2.455 GC heap before
{Heap before GC invocations=6 (full 2):
 PSYoungGen      total 105472K, used 10744K [0x000000076af00000, 0x0000000772200000, 0x00000007c0000000)
  eden space 94720K, 0% used [0x000000076af00000,0x000000076af00000,0x0000000770b80000)
  from space 10752K, 99% used [0x0000000771600000,0x000000077207e358,0x0000000772080000)
  to   space 10752K, 0% used [0x0000000770b80000,0x0000000770b80000,0x0000000771600000)
 ParOldGen       total 134656K, used 30731K [0x00000006c0c00000, 0x00000006c8f80000, 0x000000076af00000)
  object space 134656K, 22% used [0x00000006c0c00000,0x00000006c2a02e70,0x00000006c8f80000)
 Metaspace       used 34744K, capacity 35188K, committed 35416K, reserved 1081344K
  class space    used 4458K, capacity 4597K, committed 4608K, reserved 1048576K
Event: 2.490 GC heap after
Heap after GC invocations=6 (full 2):
 PSYoungGen      total 105472K, used 0K [0x000000076af00000, 0x0000000772200000, 0x00000007c0000000)
  eden space 94720K, 0% used [0x000000076af00000,0x000000076af00000,0x0000000770b80000)
  from space 10752K, 0% used [0x0000000771600000,0x0000000771600000,0x0000000772080000)
  to   space 10752K, 0% used [0x0000000770b80000,0x0000000770b80000,0x0000000771600000)
 ParOldGen       total 204288K, used 33852K [0x00000006c0c00000, 0x00000006cd380000, 0x000000076af00000)
  object space 204288K, 16% used [0x00000006c0c00000,0x00000006c2d0f330,0x00000006cd380000)
 Metaspace       used 34744K, capacity 35188K, committed 35416K, reserved 1081344K
  class space    used 4458K, capacity 4597K, committed 4608K, reserved 1048576K
}

