# JRE version: Java(TM) SE Runtime Environment (8.0_291-b10) (build 1.8.0_291-b10)
# Java VM: Java HotSpot(TM) 64-Bit Server VM (25.291-b10 mixed mode windows-amd64 compressed oops)
Heap:
 PSYoungGen      total 119808K, used 30666K [0x00000000d5580000, 0x00000000dd900000, 0x0000000100000000)
  eden space 107008K, 18% used [0x00000000d5580000,0x00000000d6911870,0x00000000dbe00000)
  from space 12800K, 83% used [0x00000000dcb80000,0x00000000dd5e12b0,0x00000000dd800000)
  to   space 13824K, 0% used [0x00000000dbe00000,0x00000000dbe00000,0x00000000dcb80000)
 ParOldGen       total 95744K, used 8178K [0x0000000080000000, 0x0000000085d80000, 0x00000000d5580000)
  object space 95744K, 8% used [0x0000000080000000,0x00000000807fc9e8,0x0000000085d80000)
 Metaspace       used 33668K, capacity 34996K, committed 35328K, reserved 1079296K
  class space    used 4753K, capacity 5049K, committed 5120K, reserved 1048576K
GC Heap History (10 events):
Event: 2.251 GC heap before
{Heap before GC invocations=3 (full 0):
 PSYoungGen      total 76288K, used 75102K [0x00000000d5580000, 0x00000000daa80000, 0x0000000100000000)
  eden space 65536K, 100% used [0x00000000d5580000,0x00000000d9580000,0x00000000d9580000)
  from space 10752K, 88% used [0x00000000da000000,0x00000000da957998,0x00000000daa80000)
  to   space 10752K, 0% used [0x00000000d9580000,0x00000000d9580000,0x00000000da000000)
 ParOldGen       total 175104K, used 24K [0x0000000080000000, 0x000000008ab00000, 0x00000000d5580000)
  object space 175104K, 0% used [0x0000000080000000,0x0000000080006000,0x000000008ab00000)
 Metaspace       used 19279K, capacity 20004K, committed 20224K, reserved 1067008K
  class space    used 2794K, capacity 2998K, committed 3072K, reserved 1048576K
Event: 2.259 GC heap after
Heap after GC invocations=3 (full 0):
 PSYoungGen      total 76288K, used 10738K [0x00000000d5580000, 0x00000000daa80000, 0x0000000100000000)
  eden space 65536K, 0% used [0x00000000d5580000,0x00000000d5580000,0x00000000d9580000)
  from space 10752K, 99% used [0x00000000d9580000,0x00000000d9ffcb88,0x00000000da000000)
  to   space 10752K, 0% used [0x00000000da000000,0x00000000da000000,0x00000000daa80000)
 ParOldGen       total 175104K, used 1020K [0x0000000080000000, 0x000000008ab00000, 0x00000000d5580000)
  object space 175104K, 0% used [0x0000000080000000,0x00000000800ff180,0x000000008ab00000)
 Metaspace       used 19279K, capacity 20004K, committed 20224K, reserved 1067008K
  class space    used 2794K, capacity 2998K, committed 3072K, reserved 1048576K
}
Event: 2.344 GC heap before
{Heap before GC invocations=4 (full 0):
 PSYoungGen      total 76288K, used 23922K [0x00000000d5580000, 0x00000000daa80000, 0x0000000100000000)
  eden space 65536K, 20% used [0x00000000d5580000,0x00000000d625fe20,0x00000000d9580000)
  from space 10752K, 99% used [0x00000000d9580000,0x00000000d9ffcb88,0x00000000da000000)
  to   space 10752K, 0% used [0x00000000da000000,0x00000000da000000,0x00000000daa80000)
 ParOldGen       total 175104K, used 1020K [0x0000000080000000, 0x000000008ab00000, 0x00000000d5580000)
  object space 175104K, 0% used [0x0000000080000000,0x00000000800ff180,0x000000008ab00000)
 Metaspace       used 20302K, capacity 21078K, committed 21248K, reserved 1067008K
  class space    used 2968K, capacity 3201K, committed 3328K, reserved 1048576K
Event: 2.349 GC heap after
Heap after GC invocations=4 (full 0):
 PSYoungGen      total 76288K, used 8414K [0x00000000d5580000, 0x00000000daa80000, 0x0000000100000000)
  eden space 65536K, 0% used [0x00000000d5580000,0x00000000d5580000,0x00000000d9580000)
  from space 10752K, 78% used [0x00000000da000000,0x00000000da8378d0,0x00000000daa80000)
  to   space 10752K, 0% used [0x00000000d9580000,0x00000000d9580000,0x00000000da000000)
 ParOldGen       total 175104K, used 1028K [0x0000000080000000, 0x000000008ab00000, 0x00000000d5580000)
  object space 175104K, 0% used [0x0000000080000000,0x0000000080101180,0x000000008ab00000)
 Metaspace       used 20302K, capacity 21078K, committed 21248K, reserved 1067008K
  class space    used 2968K, capacity 3201K, committed 3328K, reserved 1048576K
}
Event: 2.349 GC heap before
{Heap before GC invocations=5 (full 1):
 PSYoungGen      total 76288K, used 8414K [0x00000000d5580000, 0x00000000daa80000, 0x0000000100000000)
  eden space 65536K, 0% used [0x00000000d5580000,0x00000000d5580000,0x00000000d9580000)
  from space 10752K, 78% used [0x00000000da000000,0x00000000da8378d0,0x00000000daa80000)
  to   space 10752K, 0% used [0x00000000d9580000,0x00000000d9580000,0x00000000da000000)
 ParOldGen       total 175104K, used 1028K [0x0000000080000000, 0x000000008ab00000, 0x00000000d5580000)
  object space 175104K, 0% used [0x0000000080000000,0x0000000080101180,0x000000008ab00000)
 Metaspace       used 20302K, capacity 21078K, committed 21248K, reserved 1067008K
  class space    used 2968K, capacity 3201K, committed 3328K, reserved 1048576K
Event: 2.370 GC heap after
Heap after GC invocations=5 (full 1):
 PSYoungGen      total 76288K, used 0K [0x00000000d5580000, 0x00000000daa80000, 0x0000000100000000)
  eden space 65536K, 0% used [0x00000000d5580000,0x00000000d5580000,0x00000000d9580000)
  from space 10752K, 0% used [0x00000000da000000,0x00000000da000000,0x00000000daa80000)
  to   space 10752K, 0% used [0x00000000d9580000,0x00000000d9580000,0x00000000da000000)
 ParOldGen       total 95744K, used 8162K [0x0000000080000000, 0x0000000085d80000, 0x00000000d5580000)
  object space 95744K, 8% used [0x0000000080000000,0x00000000807f89e8,0x0000000085d80000)
 Metaspace       used 20302K, capacity 21078K, committed 21248K, reserved 1067008K
  class space    used 2968K, capacity 3201K, committed 3328K, reserved 1048576K
}
Event: 2.780 GC heap before
{Heap before GC invocations=6 (full 1):
 PSYoungGen      total 76288K, used 65536K [0x00000000d5580000, 0x00000000daa80000, 0x0000000100000000)
  eden space 65536K, 100% used [0x00000000d5580000,0x00000000d9580000,0x00000000d9580000)
  from space 10752K, 0% used [0x00000000da000000,0x00000000da000000,0x00000000daa80000)
  to   space 10752K, 0% used [0x00000000d9580000,0x00000000d9580000,0x00000000da000000)
 ParOldGen       total 95744K, used 8162K [0x0000000080000000, 0x0000000085d80000, 0x00000000d5580000)
  object space 95744K, 8% used [0x0000000080000000,0x00000000807f89e8,0x0000000085d80000)
 Metaspace       used 24050K, capacity 25132K, committed 25472K, reserved 1071104K
  class space    used 3600K, capacity 3880K, committed 3968K, reserved 1048576K
Event: 2.783 GC heap after
Heap after GC invocations=6 (full 1):
 PSYoungGen      total 76288K, used 5773K [0x00000000d5580000, 0x00000000dd800000, 0x0000000100000000)
  eden space 65536K, 0% used [0x00000000d5580000,0x00000000d5580000,0x00000000d9580000)
  from space 10752K, 53% used [0x00000000d9580000,0x00000000d9b23400,0x00000000da000000)
  to   space 12800K, 0% used [0x00000000dcb80000,0x00000000dcb80000,0x00000000dd800000)
 ParOldGen       total 95744K, used 8170K [0x0000000080000000, 0x0000000085d80000, 0x00000000d5580000)
  object space 95744K, 8% used [0x0000000080000000,0x00000000807fa9e8,0x0000000085d80000)
 Metaspace       used 24050K, capacity 25132K, committed 25472K, reserved 1071104K
  class space    used 3600K, capacity 3880K, committed 3968K, reserved 1048576K
}
Event: 3.352 GC heap before
{Heap before GC invocations=7 (full 1):
 PSYoungGen      total 76288K, used 71309K [0x00000000d5580000, 0x00000000dd800000, 0x0000000100000000)
  eden space 65536K, 100% used [0x00000000d5580000,0x00000000d9580000,0x00000000d9580000)
  from space 10752K, 53% used [0x00000000d9580000,0x00000000d9b23400,0x00000000da000000)
  to   space 12800K, 0% used [0x00000000dcb80000,0x00000000dcb80000,0x00000000dd800000)
 ParOldGen       total 95744K, used 8170K [0x0000000080000000, 0x0000000085d80000, 0x00000000d5580000)
  object space 95744K, 8% used [0x0000000080000000,0x00000000807fa9e8,0x0000000085d80000)
 Metaspace       used 32648K, capacity 33886K, committed 34176K, reserved 1079296K
  class space    used 4596K, capacity 4902K, committed 4992K, reserved 1048576K
Event: 3.359 GC heap after
Heap after GC invocations=7 (full 1):
 PSYoungGen      total 119808K, used 10628K [0x00000000d5580000, 0x00000000dd900000, 0x0000000100000000)
  eden space 107008K, 0% used [0x00000000d5580000,0x00000000d5580000,0x00000000dbe00000)
  from space 12800K, 83% used [0x00000000dcb80000,0x00000000dd5e12b0,0x00000000dd800000)
  to   space 13824K, 0% used [0x00000000dbe00000,0x00000000dbe00000,0x00000000dcb80000)
 ParOldGen       total 95744K, used 8178K [0x0000000080000000, 0x0000000085d80000, 0x00000000d5580000)
  object space 95744K, 8% used [0x0000000080000000,0x00000000807fc9e8,0x0000000085d80000)
 Metaspace       used 32648K, capacity 33886K, committed 34176K, reserved 1079296K
  class space    used 4596K, capacity 4902K, committed 4992K, reserved 1048576K
}

